2025-11-23 19:42:56,032 INFO    Thread-2 (_run_job):15614 [wandb_setup.py:_flush():80] Current SDK version is 0.23.0
2025-11-23 19:42:56,033 INFO    Thread-2 (_run_job):15614 [wandb_setup.py:_flush():80] Configure stats pid to 15614
2025-11-23 19:42:56,033 INFO    Thread-2 (_run_job):15614 [wandb_setup.py:_flush():80] Loading settings from /home/lassen/.config/wandb/settings
2025-11-23 19:42:56,033 INFO    Thread-2 (_run_job):15614 [wandb_setup.py:_flush():80] Loading settings from /home/lassen/shared/GitRepos/Plivo/pii_ner_assignment/wandb/settings
2025-11-23 19:42:56,033 INFO    Thread-2 (_run_job):15614 [wandb_setup.py:_flush():80] Loading settings from environment variables
2025-11-23 19:42:56,033 INFO    Thread-2 (_run_job):15614 [wandb_init.py:setup_run_log_directory():713] Logging user logs to /home/lassen/shared/GitRepos/Plivo/pii_ner_assignment/wandb/run-20251123_194256-3jk6m3n1/logs/debug.log
2025-11-23 19:42:56,033 INFO    Thread-2 (_run_job):15614 [wandb_init.py:setup_run_log_directory():714] Logging internal logs to /home/lassen/shared/GitRepos/Plivo/pii_ner_assignment/wandb/run-20251123_194256-3jk6m3n1/logs/debug-internal.log
2025-11-23 19:42:56,033 INFO    Thread-2 (_run_job):15614 [wandb_init.py:init():840] calling init triggers
2025-11-23 19:42:56,033 INFO    Thread-2 (_run_job):15614 [wandb_init.py:init():845] wandb.init called with sweep_config: {'batch_size': 16, 'dev': 'data/dev_unbiased.jsonl', 'epochs': 10, 'lr': 0.00026916067916869107, 'max_length': 256, 'model_name': 'distilbert-base-uncased', 'out_dir': 'out/sweep_run', 'train': 'data/train_unbiased.jsonl'}
config: {'model_name': 'distilbert-base-uncased', 'train': 'data/train.jsonl', 'dev': 'data/dev.jsonl', 'out_dir': 'out', 'batch_size': 8, 'epochs': 10, 'lr': 5e-05, 'max_length': 256, 'device': 'cuda', '_wandb': {}}
2025-11-23 19:42:56,033 INFO    Thread-2 (_run_job):15614 [wandb_init.py:init():888] starting backend
2025-11-23 19:42:56,265 INFO    Thread-2 (_run_job):15614 [wandb_init.py:init():891] sending inform_init request
2025-11-23 19:42:56,281 INFO    Thread-2 (_run_job):15614 [wandb_init.py:init():899] backend started and connected
2025-11-23 19:42:56,283 INFO    Thread-2 (_run_job):15614 [wandb_run.py:_config_callback():1385] config_cb None None {'batch_size': 16, 'dev': 'data/dev_unbiased.jsonl', 'epochs': 10, 'lr': 0.00026916067916869107, 'max_length': 256, 'model_name': 'distilbert-base-uncased', 'out_dir': 'out/sweep_run', 'train': 'data/train_unbiased.jsonl'}
2025-11-23 19:42:56,284 INFO    Thread-2 (_run_job):15614 [wandb_init.py:init():969] updated telemetry
2025-11-23 19:42:56,288 INFO    Thread-2 (_run_job):15614 [wandb_init.py:init():993] communicating run to backend with 90.0 second timeout
2025-11-23 19:42:57,238 INFO    Thread-2 (_run_job):15614 [wandb_init.py:init():1040] starting run threads in backend
2025-11-23 19:42:57,412 INFO    Thread-2 (_run_job):15614 [wandb_run.py:_console_start():2504] atexit reg
2025-11-23 19:42:57,412 INFO    Thread-2 (_run_job):15614 [wandb_run.py:_redirect():2352] redirect: wrap_raw
2025-11-23 19:42:57,412 INFO    Thread-2 (_run_job):15614 [wandb_run.py:_redirect():2421] Wrapping output streams.
2025-11-23 19:42:57,412 INFO    Thread-2 (_run_job):15614 [wandb_run.py:_redirect():2444] Redirects installed.
2025-11-23 19:42:57,415 INFO    Thread-2 (_run_job):15614 [wandb_init.py:init():1080] run started, returning control to user process
2025-11-23 19:47:46,459 INFO    Thread-2 (_run_job):15614 [wandb_run.py:_finish():2270] finishing run ch22b103-indian-institute-of-technology-madras/pii-precision-optimization/3jk6m3n1
2025-11-23 19:47:46,461 INFO    Thread-2 (_run_job):15614 [wandb_run.py:_atexit_cleanup():2469] got exitcode: 1
2025-11-23 19:47:46,462 INFO    Thread-2 (_run_job):15614 [wandb_run.py:_restore():2451] restore
2025-11-23 19:47:46,462 INFO    Thread-2 (_run_job):15614 [wandb_run.py:_restore():2457] restore done
2025-11-23 19:47:46,669 INFO    wandb-AsyncioManager-main:15614 [service_client.py:_forward_responses():80] Reached EOF.
2025-11-23 19:47:46,669 INFO    wandb-AsyncioManager-main:15614 [mailbox.py:close():137] Closing mailbox, abandoning 2 handles.
2025-11-23 19:47:46,671 INFO    Thread-2 (_run_job):15614 [wandb_run.py:_restore():2451] restore
2025-11-23 19:47:46,671 INFO    Thread-2 (_run_job):15614 [wandb_run.py:_restore():2457] restore done
2025-11-23 19:47:46,671 ERROR   Thread-2 (_run_job):15614 [wandb_run.py:_atexit_cleanup():2490] Problem finishing run
Traceback (most recent call last):
  File "/home/lassen/shared/venv/lib64/python3.13/site-packages/wandb/agents/pyagent.py", line 297, in _run_job
    self._function()
    ~~~~~~~~~~~~~~^^
  File "/home/lassen/shared/GitRepos/Plivo/pii_ner_assignment/src/train.py", line 94, in train
    loss = model_outputs["loss"]
    ^^^^^^^^^^^^^^^
  File "/home/lassen/shared/venv/lib64/python3.13/site-packages/torch/_tensor.py", line 625, in backward
    torch.autograd.backward(
    ~~~~~~~~~~~~~~~~~~~~~~~^
        self, gradient, retain_graph, create_graph, inputs=inputs
        ^^^^^^^^^^^^^^^^^^^^^^^^^^^^^^^^^^^^^^^^^^^^^^^^^^^^^^^^^
    )
    ^
  File "/home/lassen/shared/venv/lib64/python3.13/site-packages/torch/autograd/__init__.py", line 354, in backward
    _engine_run_backward(
    ~~~~~~~~~~~~~~~~~~~~^
        tensors,
        ^^^^^^^^
    ...<5 lines>...
        accumulate_grad=True,
        ^^^^^^^^^^^^^^^^^^^^^
    )
    ^
  File "/home/lassen/shared/venv/lib64/python3.13/site-packages/torch/autograd/graph.py", line 841, in _engine_run_backward
    return Variable._execution_engine.run_backward(  # Calls into the C++ engine to run the backward pass
           ~~~~~~~~~~~~~~~~~~~~~~~~~~~~~~~~~~~~~~~^^^^^^^^^^^^^^^^^^^^^^^^^^^^^^^^^^^^^^^^^^^^^^^^^^^^^^^
        t_outputs, *args, **kwargs
        ^^^^^^^^^^^^^^^^^^^^^^^^^^
    )  # Calls into the C++ engine to run the backward pass
    ^
Exception

The above exception was the direct cause of the following exception:

Traceback (most recent call last):
  File "/home/lassen/shared/venv/lib64/python3.13/site-packages/wandb/agents/pyagent.py", line 307, in _run_job
    raise _JobError(f"Run threw exception: {str(e)}") from e
wandb.agents.pyagent._JobError: Run threw exception: 

During handling of the above exception, another exception occurred:

Traceback (most recent call last):
  File "/home/lassen/shared/venv/lib64/python3.13/site-packages/wandb/sdk/wandb_run.py", line 2481, in _atexit_cleanup
    self._on_finish()
    ~~~~~~~~~~~~~~~^^
  File "/home/lassen/shared/venv/lib64/python3.13/site-packages/wandb/sdk/wandb_run.py", line 2703, in _on_finish
    wait_with_progress(
    ~~~~~~~~~~~~~~~~~~^
        exit_handle,
        ^^^^^^^^^^^^
    ...<5 lines>...
        ),
        ^^
    )
    ^
  File "/home/lassen/shared/venv/lib64/python3.13/site-packages/wandb/sdk/mailbox/wait_with_progress.py", line 23, in wait_with_progress
    return wait_all_with_progress(
           ~~~~~~~~~~~~~~~~~~~~~~^
        [handle],
        ^^^^^^^^^
        timeout=timeout,
        ^^^^^^^^^^^^^^^^
        display_progress=display_progress,
        ^^^^^^^^^^^^^^^^^^^^^^^^^^^^^^^^^^
    )[0]
    ^
  File "/home/lassen/shared/venv/lib64/python3.13/site-packages/wandb/sdk/mailbox/wait_with_progress.py", line 77, in wait_all_with_progress
    return asyncer.run(progress_loop_with_timeout)
           ~~~~~~~~~~~^^^^^^^^^^^^^^^^^^^^^^^^^^^^
  File "/home/lassen/shared/venv/lib64/python3.13/site-packages/wandb/sdk/lib/asyncio_manager.py", line 136, in run
    return future.result()
           ~~~~~~~~~~~~~^^
  File "/usr/lib64/python3.13/concurrent/futures/_base.py", line 456, in result
    return self.__get_result()
           ~~~~~~~~~~~~~~~~~^^
  File "/usr/lib64/python3.13/concurrent/futures/_base.py", line 401, in __get_result
    raise self._exception
  File "/home/lassen/shared/venv/lib64/python3.13/site-packages/wandb/sdk/lib/asyncio_manager.py", line 219, in _wrap
    return await fn()
           ^^^^^^^^^^
  File "/home/lassen/shared/venv/lib64/python3.13/site-packages/wandb/sdk/mailbox/wait_with_progress.py", line 72, in progress_loop_with_timeout
    return await _wait_handles_async(
           ^^^^^^^^^^^^^^^^^^^^^^^^^^
    ...<2 lines>...
    )
    ^
  File "/home/lassen/shared/venv/lib64/python3.13/site-packages/wandb/sdk/mailbox/wait_with_progress.py", line 95, in _wait_handles_async
    async with asyncio_compat.open_task_group() as task_group:
               ~~~~~~~~~~~~~~~~~~~~~~~~~~~~~~^^
  File "/usr/lib64/python3.13/contextlib.py", line 221, in __aexit__
    await anext(self.gen)
  File "/home/lassen/shared/venv/lib64/python3.13/site-packages/wandb/sdk/lib/asyncio_compat.py", line 240, in open_task_group
    await task_group._wait_all(race=race, timeout=exit_timeout)
  File "/home/lassen/shared/venv/lib64/python3.13/site-packages/wandb/sdk/lib/asyncio_compat.py", line 180, in _wait_all
    raise exc
  File "/home/lassen/shared/venv/lib64/python3.13/site-packages/wandb/sdk/mailbox/wait_with_progress.py", line 93, in wait_single
    results[index] = await handle.wait_async(timeout=timeout)
                     ^^^^^^^^^^^^^^^^^^^^^^^^^^^^^^^^^^^^^^^^
  File "/home/lassen/shared/venv/lib64/python3.13/site-packages/wandb/sdk/mailbox/mailbox_handle.py", line 133, in wait_async
    response = await self._handle.wait_async(timeout=timeout)
               ^^^^^^^^^^^^^^^^^^^^^^^^^^^^^^^^^^^^^^^^^^^^^^
  File "/home/lassen/shared/venv/lib64/python3.13/site-packages/wandb/sdk/mailbox/response_handle.py", line 99, in wait_async
    raise HandleAbandonedError()
wandb.sdk.mailbox.mailbox_handle.HandleAbandonedError
